TFE4580 Unity App/Temp/gradleOut/unityLibrary/build/intermediates/manifest_merge_blame_file/release/manifest-merger-blame-release-report.txt
1<?xml version="1.0" encoding="utf-8"?>
2<!-- GENERATED BY UNITY. REMOVE THIS COMMENT TO PREVENT OVERWRITING WHEN EXPORTING AGAIN -->
3<manifest xmlns:android="http://schemas.android.com/apk/res/android"
4    xmlns:tools="http://schemas.android.com/tools"
5    package="com.unity3d.player"
6    android:versionCode="1"
7    android:versionName="0.1" >
8
9    <uses-sdk
10        android:minSdkVersion="28"
10-->src/main/AndroidManifest.xml
11        android:targetSdkVersion="29" />
11-->src/main/AndroidManifest.xml
12
13    <uses-feature android:glEsVersion="0x00030000" />
13-->src/main/AndroidManifest.xml:21:3-52
13-->src/main/AndroidManifest.xml:21:17-49
14
15    <uses-permission android:name="android.permission.CAMERA" />
15-->src/main/AndroidManifest.xml:22:3-63
15-->src/main/AndroidManifest.xml:22:20-60
16    <uses-permission android:name="android.permission.INTERNET" />
16-->src/main/AndroidManifest.xml:23:3-65
16-->src/main/AndroidManifest.xml:23:20-62
17
18    <uses-feature
18-->src/main/AndroidManifest.xml:24:3-88
19        android:name="android.hardware.touchscreen"
19-->src/main/AndroidManifest.xml:24:17-60
20        android:required="false" />
20-->src/main/AndroidManifest.xml:24:61-85
21    <uses-feature
21-->src/main/AndroidManifest.xml:25:3-99
22        android:name="android.hardware.touchscreen.multitouch"
22-->src/main/AndroidManifest.xml:25:17-71
23        android:required="false" />
23-->src/main/AndroidManifest.xml:25:72-96
24    <uses-feature
24-->src/main/AndroidManifest.xml:26:3-108
25        android:name="android.hardware.touchscreen.multitouch.distinct"
25-->src/main/AndroidManifest.xml:26:17-80
26        android:required="false" />
26-->src/main/AndroidManifest.xml:26:81-105
27    <uses-feature
27-->src/main/AndroidManifest.xml:27:3-85
28        android:name="android.hardware.camera.ar"
28-->src/main/AndroidManifest.xml:27:17-58
29        android:required="true" />
29-->src/main/AndroidManifest.xml:27:59-82
30    <uses-feature
30-->src/main/AndroidManifest.xml:28:3-83
31        android:name="com.google.ar.core.depth"
31-->src/main/AndroidManifest.xml:28:17-56
32        android:required="true" />
32-->src/main/AndroidManifest.xml:28:57-80
33
34    <application>
34-->src/main/AndroidManifest.xml:4:3-20:17
35        <activity
35-->src/main/AndroidManifest.xml:5:5-12:16
36            android:name="com.unity3d.player.UnityPlayerActivity"
36-->src/main/AndroidManifest.xml:5:15-68
37            android:configChanges="mcc|mnc|locale|touchscreen|keyboard|keyboardHidden|navigation|orientation|screenLayout|uiMode|screenSize|smallestScreenSize|fontScale|layoutDirection|density"
37-->src/main/AndroidManifest.xml:5:180-361
38            android:hardwareAccelerated="false"
38-->src/main/AndroidManifest.xml:5:362-397
39            android:launchMode="singleTask"
39-->src/main/AndroidManifest.xml:5:148-179
40            android:screenOrientation="portrait"
40-->src/main/AndroidManifest.xml:5:111-147
41            android:theme="@style/UnityThemeSelector" >
41-->src/main/AndroidManifest.xml:5:69-110
42            <intent-filter>
42-->src/main/AndroidManifest.xml:6:7-9:23
43                <action android:name="android.intent.action.MAIN" />
43-->src/main/AndroidManifest.xml:7:9-61
43-->src/main/AndroidManifest.xml:7:17-58
44
45                <category android:name="android.intent.category.LAUNCHER" />
45-->src/main/AndroidManifest.xml:8:9-69
45-->src/main/AndroidManifest.xml:8:19-66
46            </intent-filter>
47
48            <meta-data
48-->src/main/AndroidManifest.xml:10:7-82
49                android:name="unityplayer.UnityActivity"
49-->src/main/AndroidManifest.xml:10:18-58
50                android:value="true" />
50-->src/main/AndroidManifest.xml:10:59-79
51            <meta-data
51-->src/main/AndroidManifest.xml:11:7-78
52                android:name="android.notch_support"
52-->src/main/AndroidManifest.xml:11:18-54
53                android:value="true" />
53-->src/main/AndroidManifest.xml:11:55-75
54        </activity>
55
56        <meta-data
56-->src/main/AndroidManifest.xml:13:5-74
57            android:name="unity.arcore-enable"
57-->src/main/AndroidManifest.xml:13:16-50
58            android:value="True" />
58-->src/main/AndroidManifest.xml:13:51-71
59        <meta-data
59-->src/main/AndroidManifest.xml:14:5-88
60            android:name="unityplayer.SkipPermissionsDialog"
60-->src/main/AndroidManifest.xml:14:16-64
61            android:value="true" />
61-->src/main/AndroidManifest.xml:14:65-85
62        <meta-data
62-->src/main/AndroidManifest.xml:15:5-69
63            android:name="unity.splash-mode"
63-->src/main/AndroidManifest.xml:15:16-48
64            android:value="0" />
64-->src/main/AndroidManifest.xml:15:49-66
65        <meta-data
65-->src/main/AndroidManifest.xml:16:5-74
66            android:name="unity.splash-enable"
66-->src/main/AndroidManifest.xml:16:16-50
67            android:value="True" />
67-->src/main/AndroidManifest.xml:16:51-71
68        <meta-data
68-->src/main/AndroidManifest.xml:17:5-81
69            android:name="notch.config"
69-->src/main/AndroidManifest.xml:17:16-43
70            android:value="portrait|landscape" />
70-->src/main/AndroidManifest.xml:17:44-78
71        <meta-data
71-->src/main/AndroidManifest.xml:18:5-101
72            android:name="unity.build-id"
72-->src/main/AndroidManifest.xml:18:16-45
73            android:value="59c1e7f9-b1d8-412c-b8e3-0e06cfaaf054" />
73-->src/main/AndroidManifest.xml:18:46-98
74        <meta-data
74-->src/main/AndroidManifest.xml:19:5-77
75            android:name="com.google.ar.core"
75-->src/main/AndroidManifest.xml:19:16-49
76            android:value="required" />
76-->src/main/AndroidManifest.xml:19:50-74
77    </application>
78
79</manifest>